<?xml version="1.0" encoding="UTF-8"?>
<!-- Generated by org.testng.reporters.JUnitReportReporter -->
<testsuite hostname="LAPTOP-981QNBKH" failures="1" tests="2" name="cucumberOptions.TestRunner" time="31.967" errors="0" timestamp="2022-11-24T13:49:17 IST" skipped="0">
  <testcase classname="cucumberOptions.TestRunner" name="runScenario" time="16.005"/>
  <system-out/>
  <testcase classname="cucumberOptions.TestRunner" name="runScenario" time="15.962">
    <failure message="expected [No data] but found [Beetroot]" type="java.lang.AssertionError">
      <![CDATA[java.lang.AssertionError: expected [No data] but found [Beetroot]
at org.testng.Assert.fail(Assert.java:110)
at org.testng.Assert.failNotEquals(Assert.java:1413)
at org.testng.Assert.assertEqualsImpl(Assert.java:149)
at org.testng.Assert.assertEquals(Assert.java:131)
at org.testng.Assert.assertEquals(Assert.java:655)
at org.testng.Assert.assertEquals(Assert.java:665)
at stepDefinitions.GreenKartOffersPage.validate_product_name_in_offers_page_matches_with_product_name_in_landing_page(GreenKartOffersPage.java:38)
at âœ½.validate product name in offers page matches with product name in landing page(file:///C:/Users/kosan/eclipse-workspace/CucumberFramework-TestNG/src/test/java/features/searchProduct.feature:8)
]]>
    </failure>
  </testcase> <!-- runScenario -->
  <system-out/>
</testsuite> <!-- cucumberOptions.TestRunner -->
